# JRE version: Java(TM) SE Runtime Environment (17.0.12+8) (build 17.0.12+8-LTS-286)
# Java VM: Java HotSpot(TM) 64-Bit Server VM (17.0.12+8-LTS-286, mixed mode, sharing, tiered, compressed oops, compressed class ptrs, g1 gc, windows-amd64)
GC Precious Log:
 CPUs: 4 total, 4 available
 Memory: 7590M
 Large Page Support: Disabled
 NUMA Support: Disabled
 Compressed Oops: Enabled (Zero based)
 Heap Region Size: 4M
 Heap Min Capacity: 8M
 Heap Initial Capacity: 120M
 Heap Max Capacity: 8G
 Pre-touch: Disabled
 Parallel Workers: 4
 Concurrent Workers: 1
 Concurrent Refinement Workers: 4
 Periodic GC: Disabled
Heap:
 garbage-first heap   total 307200K, used 202389K [0x0000000600000000, 0x0000000800000000)
  region size 4096K, 11 young (45056K), 2 survivors (8192K)
 Metaspace       used 100352K, committed 101568K, reserved 1179648K
  class space    used 14146K, committed 14720K, reserved 1048576K
GC Heap History (20 events):
Event: 47.717 GC heap before
{Heap before GC invocations=51 (full 0):
 garbage-first heap   total 200704K, used 157924K [0x0000000600000000, 0x0000000800000000)
  region size 4096K, 16 young (65536K), 3 survivors (12288K)
 Metaspace       used 96254K, committed 97152K, reserved 1179648K
  class space    used 13594K, committed 14016K, reserved 1048576K
}
Event: 47.733 GC heap after
{Heap after GC invocations=52 (full 0):
 garbage-first heap   total 241664K, used 111191K [0x0000000600000000, 0x0000000800000000)
  region size 4096K, 2 young (8192K), 2 survivors (8192K)
 Metaspace       used 96254K, committed 97152K, reserved 1179648K
  class space    used 13594K, committed 14016K, reserved 1048576K
}
Event: 49.145 GC heap before
{Heap before GC invocations=53 (full 0):
 garbage-first heap   total 241664K, used 143959K [0x0000000600000000, 0x0000000800000000)
  region size 4096K, 12 young (49152K), 2 survivors (8192K)
 Metaspace       used 96282K, committed 97152K, reserved 1179648K
  class space    used 13597K, committed 14016K, reserved 1048576K
}
Event: 49.156 GC heap after
{Heap after GC invocations=54 (full 0):
 garbage-first heap   total 241664K, used 119203K [0x0000000600000000, 0x0000000800000000)
  region size 4096K, 3 young (12288K), 3 survivors (12288K)
 Metaspace       used 96282K, committed 97152K, reserved 1179648K
  class space    used 13597K, committed 14016K, reserved 1048576K
}
Event: 51.025 GC heap before
{Heap before GC invocations=55 (full 0):
 garbage-first heap   total 241664K, used 197027K [0x0000000600000000, 0x0000000800000000)
  region size 4096K, 21 young (86016K), 3 survivors (12288K)
 Metaspace       used 97968K, committed 98880K, reserved 1179648K
  class space    used 13848K, committed 14272K, reserved 1048576K
}
Event: 51.048 GC heap after
{Heap after GC invocations=56 (full 0):
 garbage-first heap   total 241664K, used 132958K [0x0000000600000000, 0x0000000800000000)
  region size 4096K, 3 young (12288K), 3 survivors (12288K)
 Metaspace       used 97968K, committed 98880K, reserved 1179648K
  class space    used 13848K, committed 14272K, reserved 1048576K
}
Event: 52.387 GC heap before
{Heap before GC invocations=56 (full 0):
 garbage-first heap   total 241664K, used 186206K [0x0000000600000000, 0x0000000800000000)
  region size 4096K, 17 young (69632K), 3 survivors (12288K)
 Metaspace       used 97969K, committed 98880K, reserved 1179648K
  class space    used 13849K, committed 14272K, reserved 1048576K
}
Event: 52.412 GC heap after
{Heap after GC invocations=57 (full 0):
 garbage-first heap   total 241664K, used 135980K [0x0000000600000000, 0x0000000800000000)
  region size 4096K, 1 young (4096K), 1 survivors (4096K)
 Metaspace       used 97969K, committed 98880K, reserved 1179648K
  class space    used 13849K, committed 14272K, reserved 1048576K
}
Event: 54.123 GC heap before
{Heap before GC invocations=58 (full 0):
 garbage-first heap   total 245760K, used 193324K [0x0000000600000000, 0x0000000800000000)
  region size 4096K, 16 young (65536K), 1 survivors (4096K)
 Metaspace       used 98824K, committed 99840K, reserved 1179648K
  class space    used 13979K, committed 14464K, reserved 1048576K
}
Event: 54.137 GC heap after
{Heap after GC invocations=59 (full 0):
 garbage-first heap   total 245760K, used 148113K [0x0000000600000000, 0x0000000800000000)
  region size 4096K, 2 young (8192K), 2 survivors (8192K)
 Metaspace       used 98824K, committed 99840K, reserved 1179648K
  class space    used 13979K, committed 14464K, reserved 1048576K
}
Event: 55.391 GC heap before
{Heap before GC invocations=59 (full 0):
 garbage-first heap   total 245760K, used 193169K [0x0000000600000000, 0x0000000800000000)
  region size 4096K, 14 young (57344K), 2 survivors (8192K)
 Metaspace       used 98824K, committed 99840K, reserved 1179648K
  class space    used 13979K, committed 14464K, reserved 1048576K
}
Event: 55.406 GC heap after
{Heap after GC invocations=60 (full 0):
 garbage-first heap   total 245760K, used 149437K [0x0000000600000000, 0x0000000800000000)
  region size 4096K, 1 young (4096K), 1 survivors (4096K)
 Metaspace       used 98824K, committed 99840K, reserved 1179648K
  class space    used 13979K, committed 14464K, reserved 1048576K
}
Event: 57.465 GC heap before
{Heap before GC invocations=61 (full 0):
 garbage-first heap   total 266240K, used 198589K [0x0000000600000000, 0x0000000800000000)
  region size 4096K, 13 young (53248K), 1 survivors (4096K)
 Metaspace       used 99730K, committed 100800K, reserved 1179648K
  class space    used 14103K, committed 14592K, reserved 1048576K
}
Event: 57.480 GC heap after
{Heap after GC invocations=62 (full 0):
 garbage-first heap   total 266240K, used 155829K [0x0000000600000000, 0x0000000800000000)
  region size 4096K, 2 young (8192K), 2 survivors (8192K)
 Metaspace       used 99730K, committed 100800K, reserved 1179648K
  class space    used 14103K, committed 14592K, reserved 1048576K
}
Event: 58.617 GC heap before
{Heap before GC invocations=62 (full 0):
 garbage-first heap   total 266240K, used 209077K [0x0000000600000000, 0x0000000800000000)
  region size 4096K, 16 young (65536K), 2 survivors (8192K)
 Metaspace       used 100162K, committed 101312K, reserved 1179648K
  class space    used 14130K, committed 14656K, reserved 1048576K
}
Event: 58.646 GC heap after
{Heap after GC invocations=63 (full 0):
 garbage-first heap   total 266240K, used 163777K [0x0000000600000000, 0x0000000800000000)
  region size 4096K, 2 young (8192K), 2 survivors (8192K)
 Metaspace       used 100162K, committed 101312K, reserved 1179648K
  class space    used 14130K, committed 14656K, reserved 1048576K
}
Event: 60.234 GC heap before
{Heap before GC invocations=64 (full 0):
 garbage-first heap   total 307200K, used 212929K [0x0000000600000000, 0x0000000800000000)
  region size 4096K, 14 young (57344K), 2 survivors (8192K)
 Metaspace       used 100170K, committed 101312K, reserved 1179648K
  class space    used 14131K, committed 14656K, reserved 1048576K
}
Event: 60.254 GC heap after
{Heap after GC invocations=65 (full 0):
 garbage-first heap   total 307200K, used 166379K [0x0000000600000000, 0x0000000800000000)
  region size 4096K, 1 young (4096K), 1 survivors (4096K)
 Metaspace       used 100170K, committed 101312K, reserved 1179648K
  class space    used 14131K, committed 14656K, reserved 1048576K
}
Event: 62.082 GC heap before
{Heap before GC invocations=65 (full 0):
 garbage-first heap   total 307200K, used 240107K [0x0000000600000000, 0x0000000800000000)
  region size 4096K, 20 young (81920K), 1 survivors (4096K)
 Metaspace       used 100176K, committed 101312K, reserved 1179648K
  class space    used 14133K, committed 14656K, reserved 1048576K
}
Event: 62.737 GC heap after
{Heap after GC invocations=66 (full 0):
 garbage-first heap   total 307200K, used 169621K [0x0000000600000000, 0x0000000800000000)
  region size 4096K, 2 young (8192K), 2 survivors (8192K)
 Metaspace       used 100176K, committed 101312K, reserved 1179648K
  class space    used 14133K, committed 14656K, reserved 1048576K
}

